<?xml version="1.0" encoding="UTF-8"?>
<coverage generated="1632342082526" clover="3.2.0">
  <project timestamp="1632342082527" name="All files">
    <metrics statements="53" coveredstatements="21" conditionals="8" coveredconditionals="6" methods="27" coveredmethods="8" elements="88" coveredelements="35" complexity="0" loc="53" ncloc="53" packages="2" files="5" classes="5"/>
    <package name="product_overview">
      <metrics statements="51" coveredstatements="19" conditionals="8" coveredconditionals="6" methods="27" coveredmethods="8"/>
      <file name="api.js" path="/Users/luna/Downloads/Desktop/HR SEI/FEC/FEC/client/src/product_overview/api.js">
        <metrics statements="28" coveredstatements="1" conditionals="0" coveredconditionals="0" methods="16" coveredmethods="0"/>
        <line num="3" count="1" type="stmt"/>
        <line num="5" count="0" type="stmt"/>
        <line num="6" count="0" type="stmt"/>
        <line num="9" count="0" type="stmt"/>
        <line num="12" count="0" type="stmt"/>
        <line num="17" count="0" type="stmt"/>
        <line num="18" count="0" type="stmt"/>
        <line num="20" count="0" type="stmt"/>
        <line num="21" count="0" type="stmt"/>
        <line num="22" count="0" type="stmt"/>
        <line num="25" count="0" type="stmt"/>
        <line num="29" count="0" type="stmt"/>
        <line num="30" count="0" type="stmt"/>
        <line num="33" count="0" type="stmt"/>
        <line num="36" count="0" type="stmt"/>
        <line num="41" count="0" type="stmt"/>
        <line num="42" count="0" type="stmt"/>
        <line num="45" count="0" type="stmt"/>
        <line num="48" count="0" type="stmt"/>
        <line num="54" count="0" type="stmt"/>
        <line num="55" count="0" type="stmt"/>
        <line num="58" count="0" type="stmt"/>
        <line num="61" count="0" type="stmt"/>
        <line num="67" count="0" type="stmt"/>
        <line num="68" count="0" type="stmt"/>
        <line num="71" count="0" type="stmt"/>
        <line num="73" count="0" type="stmt"/>
        <line num="76" count="0" type="stmt"/>
      </file>
      <file name="product_info.jsx" path="/Users/luna/Downloads/Desktop/HR SEI/FEC/FEC/client/src/product_overview/product_info.jsx">
        <metrics statements="5" coveredstatements="5" conditionals="4" coveredconditionals="4" methods="3" coveredmethods="3"/>
        <line num="9" count="1" type="stmt"/>
        <line num="10" count="2" type="stmt"/>
        <line num="38" count="1" type="stmt"/>
        <line num="39" count="1" type="stmt"/>
        <line num="47" count="2" type="stmt"/>
      </file>
      <file name="review.jsx" path="/Users/luna/Downloads/Desktop/HR SEI/FEC/FEC/client/src/product_overview/review.jsx">
        <metrics statements="6" coveredstatements="6" conditionals="2" coveredconditionals="2" methods="1" coveredmethods="1"/>
        <line num="8" count="1" type="stmt"/>
        <line num="9" count="2" type="stmt"/>
        <line num="10" count="2" type="stmt"/>
        <line num="12" count="2" type="cond" truecount="2" falsecount="0"/>
        <line num="13" count="1" type="stmt"/>
        <line num="25" count="1" type="stmt"/>
      </file>
      <file name="style_selector.jsx" path="/Users/luna/Downloads/Desktop/HR SEI/FEC/FEC/client/src/product_overview/style_selector.jsx">
        <metrics statements="12" coveredstatements="7" conditionals="2" coveredconditionals="0" methods="7" coveredmethods="4"/>
        <line num="5" count="2" type="stmt"/>
        <line num="7" count="2" type="stmt"/>
        <line num="11" count="2" type="stmt"/>
        <line num="15" count="0" type="cond" truecount="0" falsecount="2"/>
        <line num="16" count="0" type="stmt"/>
        <line num="23" count="0" type="stmt"/>
        <line num="29" count="2" type="stmt"/>
        <line num="34" count="2" type="stmt"/>
        <line num="37" count="4" type="stmt"/>
        <line num="45" count="4" type="stmt"/>
        <line num="60" count="0" type="stmt"/>
        <line num="61" count="0" type="stmt"/>
      </file>
    </package>
    <package name="product_overview.testing">
      <metrics statements="2" coveredstatements="2" conditionals="0" coveredconditionals="0" methods="0" coveredmethods="0"/>
      <file name="dummyData.js" path="/Users/luna/Downloads/Desktop/HR SEI/FEC/FEC/client/src/product_overview/testing/dummyData.js">
        <metrics statements="2" coveredstatements="2" conditionals="0" coveredconditionals="0" methods="0" coveredmethods="0"/>
        <line num="1" count="2" type="stmt"/>
        <line num="65" count="2" type="stmt"/>
      </file>
    </package>
  </project>
</coverage>
