{"/Users/luna/Downloads/Desktop/HR SEI/FEC/FEC/client/src/product_overview/api.js": {"path":"/Users/luna/Downloads/Desktop/HR SEI/FEC/FEC/client/src/product_overview/api.js","statementMap":{"0":{"start":{"line":3,"column":12},"end":{"line":79,"column":1}},"1":{"start":{"line":5,"column":16},"end":{"line":5,"column":55}},"2":{"start":{"line":6,"column":4},"end":{"line":13,"column":8}},"3":{"start":{"line":9,"column":8},"end":{"line":9,"column":41}},"4":{"start":{"line":12,"column":8},"end":{"line":12,"column":29}},"5":{"start":{"line":17,"column":16},"end":{"line":17,"column":17}},"6":{"start":{"line":18,"column":16},"end":{"line":18,"column":17}},"7":{"start":{"line":20,"column":4},"end":{"line":23,"column":5}},"8":{"start":{"line":21,"column":6},"end":{"line":21,"column":42}},"9":{"start":{"line":22,"column":6},"end":{"line":22,"column":36}},"10":{"start":{"line":25,"column":4},"end":{"line":25,"column":23}},"11":{"start":{"line":29,"column":16},"end":{"line":29,"column":50}},"12":{"start":{"line":30,"column":4},"end":{"line":37,"column":8}},"13":{"start":{"line":33,"column":8},"end":{"line":33,"column":39}},"14":{"start":{"line":36,"column":8},"end":{"line":36,"column":29}},"15":{"start":{"line":41,"column":16},"end":{"line":41,"column":39}},"16":{"start":{"line":42,"column":4},"end":{"line":49,"column":8}},"17":{"start":{"line":45,"column":8},"end":{"line":45,"column":33}},"18":{"start":{"line":48,"column":8},"end":{"line":48,"column":29}},"19":{"start":{"line":54,"column":16},"end":{"line":54,"column":46}},"20":{"start":{"line":55,"column":4},"end":{"line":62,"column":8}},"21":{"start":{"line":58,"column":8},"end":{"line":58,"column":41}},"22":{"start":{"line":61,"column":8},"end":{"line":61,"column":29}},"23":{"start":{"line":67,"column":16},"end":{"line":67,"column":29}},"24":{"start":{"line":68,"column":20},"end":{"line":70,"column":5}},"25":{"start":{"line":71,"column":4},"end":{"line":77,"column":8}},"26":{"start":{"line":73,"column":8},"end":{"line":73,"column":28}},"27":{"start":{"line":76,"column":8},"end":{"line":76,"column":30}}},"fnMap":{"0":{"name":"(anonymous_0)","decl":{"start":{"line":4,"column":13},"end":{"line":4,"column":14}},"loc":{"start":{"line":4,"column":36},"end":{"line":14,"column":3}},"line":4},"1":{"name":"(anonymous_1)","decl":{"start":{"line":7,"column":12},"end":{"line":7,"column":13}},"loc":{"start":{"line":7,"column":21},"end":{"line":10,"column":7}},"line":7},"2":{"name":"(anonymous_2)","decl":{"start":{"line":11,"column":13},"end":{"line":11,"column":14}},"loc":{"start":{"line":11,"column":24},"end":{"line":13,"column":7}},"line":11},"3":{"name":"(anonymous_3)","decl":{"start":{"line":16,"column":12},"end":{"line":16,"column":13}},"loc":{"start":{"line":16,"column":30},"end":{"line":26,"column":3}},"line":16},"4":{"name":"(anonymous_4)","decl":{"start":{"line":28,"column":12},"end":{"line":28,"column":13}},"loc":{"start":{"line":28,"column":35},"end":{"line":38,"column":3}},"line":28},"5":{"name":"(anonymous_5)","decl":{"start":{"line":31,"column":12},"end":{"line":31,"column":13}},"loc":{"start":{"line":31,"column":21},"end":{"line":34,"column":7}},"line":31},"6":{"name":"(anonymous_6)","decl":{"start":{"line":35,"column":13},"end":{"line":35,"column":14}},"loc":{"start":{"line":35,"column":24},"end":{"line":37,"column":7}},"line":35},"7":{"name":"(anonymous_7)","decl":{"start":{"line":40,"column":14},"end":{"line":40,"column":15}},"loc":{"start":{"line":40,"column":37},"end":{"line":51,"column":3}},"line":40},"8":{"name":"(anonymous_8)","decl":{"start":{"line":43,"column":12},"end":{"line":43,"column":13}},"loc":{"start":{"line":43,"column":21},"end":{"line":46,"column":7}},"line":43},"9":{"name":"(anonymous_9)","decl":{"start":{"line":47,"column":13},"end":{"line":47,"column":14}},"loc":{"start":{"line":47,"column":24},"end":{"line":49,"column":7}},"line":47},"10":{"name":"(anonymous_10)","decl":{"start":{"line":53,"column":13},"end":{"line":53,"column":14}},"loc":{"start":{"line":53,"column":36},"end":{"line":64,"column":3}},"line":53},"11":{"name":"(anonymous_11)","decl":{"start":{"line":56,"column":12},"end":{"line":56,"column":13}},"loc":{"start":{"line":56,"column":21},"end":{"line":59,"column":7}},"line":56},"12":{"name":"(anonymous_12)","decl":{"start":{"line":60,"column":13},"end":{"line":60,"column":14}},"loc":{"start":{"line":60,"column":24},"end":{"line":62,"column":7}},"line":60},"13":{"name":"(anonymous_13)","decl":{"start":{"line":66,"column":11},"end":{"line":66,"column":12}},"loc":{"start":{"line":66,"column":34},"end":{"line":78,"column":3}},"line":66},"14":{"name":"(anonymous_14)","decl":{"start":{"line":72,"column":12},"end":{"line":72,"column":13}},"loc":{"start":{"line":72,"column":21},"end":{"line":74,"column":7}},"line":72},"15":{"name":"(anonymous_15)","decl":{"start":{"line":75,"column":12},"end":{"line":75,"column":13}},"loc":{"start":{"line":75,"column":23},"end":{"line":77,"column":7}},"line":75}},"branchMap":{},"s":{"0":1,"1":0,"2":0,"3":0,"4":0,"5":0,"6":0,"7":0,"8":0,"9":0,"10":0,"11":0,"12":0,"13":0,"14":0,"15":0,"16":0,"17":0,"18":0,"19":0,"20":0,"21":0,"22":0,"23":0,"24":0,"25":0,"26":0,"27":0},"f":{"0":0,"1":0,"2":0,"3":0,"4":0,"5":0,"6":0,"7":0,"8":0,"9":0,"10":0,"11":0,"12":0,"13":0,"14":0,"15":0},"b":{},"_coverageSchema":"1a1c01bbd47fc00a2c39e90264f33305004495a9","hash":"2f6ab392472bfcfad83841050583a1adfd8bb814"}
,"/Users/luna/Downloads/Desktop/HR SEI/FEC/FEC/client/src/product_overview/product_info.jsx": {"path":"/Users/luna/Downloads/Desktop/HR SEI/FEC/FEC/client/src/product_overview/product_info.jsx","statementMap":{"0":{"start":{"line":9,"column":22},"end":{"line":35,"column":1}},"1":{"start":{"line":10,"column":2},"end":{"line":34,"column":4}},"2":{"start":{"line":38,"column":22},"end":{"line":53,"column":1}},"3":{"start":{"line":39,"column":2},"end":{"line":52,"column":4}},"4":{"start":{"line":47,"column":10},"end":{"line":47,"column":108}}},"fnMap":{"0":{"name":"(anonymous_0)","decl":{"start":{"line":9,"column":22},"end":{"line":9,"column":23}},"loc":{"start":{"line":9,"column":33},"end":{"line":35,"column":1}},"line":9},"1":{"name":"(anonymous_1)","decl":{"start":{"line":38,"column":22},"end":{"line":38,"column":23}},"loc":{"start":{"line":38,"column":33},"end":{"line":53,"column":1}},"line":38},"2":{"name":"(anonymous_2)","decl":{"start":{"line":46,"column":28},"end":{"line":46,"column":29}},"loc":{"start":{"line":47,"column":10},"end":{"line":47,"column":108}},"line":47}},"branchMap":{"0":{"loc":{"start":{"line":18,"column":7},"end":{"line":27,"column":7}},"type":"binary-expr","locations":[{"start":{"line":18,"column":7},"end":{"line":18,"column":21}},{"start":{"line":19,"column":8},"end":{"line":26,"column":14}}],"line":18},"1":{"loc":{"start":{"line":28,"column":7},"end":{"line":32,"column":7}},"type":"binary-expr","locations":[{"start":{"line":28,"column":7},"end":{"line":28,"column":30}},{"start":{"line":29,"column":8},"end":{"line":31,"column":14}}],"line":28}},"s":{"0":1,"1":2,"2":1,"3":1,"4":2},"f":{"0":2,"1":1,"2":2},"b":{"0":[2,1],"1":[2,1]},"_coverageSchema":"1a1c01bbd47fc00a2c39e90264f33305004495a9","hash":"902a77a6be82930e4ed784574caf786e0c641125"}
,"/Users/luna/Downloads/Desktop/HR SEI/FEC/FEC/client/src/product_overview/review.jsx": {"path":"/Users/luna/Downloads/Desktop/HR SEI/FEC/FEC/client/src/product_overview/review.jsx","statementMap":{"0":{"start":{"line":8,"column":15},"end":{"line":31,"column":1}},"1":{"start":{"line":9,"column":14},"end":{"line":9,"column":50}},"2":{"start":{"line":10,"column":16},"end":{"line":10,"column":54}},"3":{"start":{"line":12,"column":2},"end":{"line":30,"column":3}},"4":{"start":{"line":13,"column":4},"end":{"line":23,"column":6}},"5":{"start":{"line":25,"column":4},"end":{"line":29,"column":6}}},"fnMap":{"0":{"name":"(anonymous_0)","decl":{"start":{"line":8,"column":15},"end":{"line":8,"column":16}},"loc":{"start":{"line":8,"column":26},"end":{"line":31,"column":1}},"line":8}},"branchMap":{"0":{"loc":{"start":{"line":12,"column":2},"end":{"line":30,"column":3}},"type":"if","locations":[{"start":{"line":12,"column":2},"end":{"line":30,"column":3}},{"start":{"line":12,"column":2},"end":{"line":30,"column":3}}],"line":12}},"s":{"0":1,"1":2,"2":2,"3":2,"4":1,"5":1},"f":{"0":2},"b":{"0":[1,1]},"_coverageSchema":"1a1c01bbd47fc00a2c39e90264f33305004495a9","hash":"b1029e5889640aa05b67e919cc72fb187cb8b7f4"}
,"/Users/luna/Downloads/Desktop/HR SEI/FEC/FEC/client/src/product_overview/style_selector.jsx": {"path":"/Users/luna/Downloads/Desktop/HR SEI/FEC/FEC/client/src/product_overview/style_selector.jsx","statementMap":{"0":{"start":{"line":5,"column":4},"end":{"line":5,"column":17}},"1":{"start":{"line":7,"column":4},"end":{"line":9,"column":5}},"2":{"start":{"line":11,"column":4},"end":{"line":11,"column":53}},"3":{"start":{"line":15,"column":4},"end":{"line":19,"column":5}},"4":{"start":{"line":16,"column":6},"end":{"line":18,"column":8}},"5":{"start":{"line":23,"column":4},"end":{"line":25,"column":6}},"6":{"start":{"line":29,"column":4},"end":{"line":78,"column":6}},"7":{"start":{"line":34,"column":12},"end":{"line":74,"column":14}},"8":{"start":{"line":37,"column":34},"end":{"line":44,"column":19}},"9":{"start":{"line":45,"column":18},"end":{"line":71,"column":20}},"10":{"start":{"line":60,"column":26},"end":{"line":60,"column":61}},"11":{"start":{"line":61,"column":26},"end":{"line":61,"column":64}}},"fnMap":{"0":{"name":"(anonymous_0)","decl":{"start":{"line":4,"column":2},"end":{"line":4,"column":3}},"loc":{"start":{"line":4,"column":21},"end":{"line":12,"column":3}},"line":4},"1":{"name":"(anonymous_1)","decl":{"start":{"line":14,"column":2},"end":{"line":14,"column":3}},"loc":{"start":{"line":14,"column":32},"end":{"line":20,"column":3}},"line":14},"2":{"name":"(anonymous_2)","decl":{"start":{"line":22,"column":2},"end":{"line":22,"column":3}},"loc":{"start":{"line":22,"column":18},"end":{"line":26,"column":3}},"line":22},"3":{"name":"(anonymous_3)","decl":{"start":{"line":28,"column":2},"end":{"line":28,"column":3}},"loc":{"start":{"line":28,"column":11},"end":{"line":79,"column":3}},"line":28},"4":{"name":"(anonymous_4)","decl":{"start":{"line":33,"column":36},"end":{"line":33,"column":37}},"loc":{"start":{"line":33,"column":54},"end":{"line":75,"column":11}},"line":33},"5":{"name":"(anonymous_5)","decl":{"start":{"line":36,"column":27},"end":{"line":36,"column":28}},"loc":{"start":{"line":36,"column":45},"end":{"line":72,"column":17}},"line":36},"6":{"name":"(anonymous_6)","decl":{"start":{"line":59,"column":33},"end":{"line":59,"column":34}},"loc":{"start":{"line":59,"column":40},"end":{"line":62,"column":25}},"line":59}},"branchMap":{"0":{"loc":{"start":{"line":15,"column":4},"end":{"line":19,"column":5}},"type":"if","locations":[{"start":{"line":15,"column":4},"end":{"line":19,"column":5}},{"start":{"line":15,"column":4},"end":{"line":19,"column":5}}],"line":15}},"s":{"0":2,"1":2,"2":2,"3":0,"4":0,"5":0,"6":2,"7":2,"8":4,"9":4,"10":0,"11":0},"f":{"0":2,"1":0,"2":0,"3":2,"4":2,"5":4,"6":0},"b":{"0":[0,0]},"_coverageSchema":"1a1c01bbd47fc00a2c39e90264f33305004495a9","hash":"8eb76853d47bec17667e7f4fec6dc7eaf8a1a2d4"}
,"/Users/luna/Downloads/Desktop/HR SEI/FEC/FEC/client/src/product_overview/testing/dummyData.js": {"path":"/Users/luna/Downloads/Desktop/HR SEI/FEC/FEC/client/src/product_overview/testing/dummyData.js","statementMap":{"0":{"start":{"line":1,"column":19},"end":{"line":63,"column":1}},"1":{"start":{"line":65,"column":20},"end":{"line":96,"column":1}}},"fnMap":{},"branchMap":{},"s":{"0":2,"1":2},"f":{},"b":{},"_coverageSchema":"1a1c01bbd47fc00a2c39e90264f33305004495a9","hash":"c3b6f2b0ff1495c9980b53e68edeec71a7c1f80a"}
}
